0 info it worked if it ends with ok
1 verbose cli [
1 verbose cli   'C:\\Program Files\\nodejs\\node.exe',
1 verbose cli   'C:\\Program Files\\nodejs\\node_modules\\npm\\bin\\npm-cli.js',
1 verbose cli   'start'
1 verbose cli ]
2 info using npm@6.13.4
3 info using node@v12.16.1
4 verbose run-script [ 'prestart', 'start', 'poststart' ]
5 info lifecycle backend@1.0.0~prestart: backend@1.0.0
6 info lifecycle backend@1.0.0~start: backend@1.0.0
7 verbose lifecycle backend@1.0.0~start: unsafe-perm in lifecycle true
8 verbose lifecycle backend@1.0.0~start: PATH: C:\Program Files\nodejs\node_modules\npm\node_modules\npm-lifecycle\node-gyp-bin;C:\dev\omnistack\aulas\backend\node_modules\.bin;C:\Program Files\Amazon Corretto\jdk11.0.6_10\bin;C:\Program Files\AdoptOpenJDK\jre-11.0.6.10-hotspot\bin;C:\Windows\system32;C:\Windows;C:\Windows\System32\Wbem;C:\Windows\System32\WindowsPowerShell\v1.0\;C:\Windows\System32\OpenSSH\;C:\Program Files\Microsoft VS Code\bin;C:\ProgramData\chocolatey\bin;C:\Program Files\nodejs\;C:\Program Files\Git\cmd;C:\Users\Junior Low\AppData\Local\Microsoft\WindowsApps;C:\Users\Junior Low\AppData\Roaming\npm;C:\Program Files\nodejs;
9 verbose lifecycle backend@1.0.0~start: CWD: C:\dev\omnistack\aulas\backend
10 silly lifecycle backend@1.0.0~start: Args: [ '/d /s /c', 'nodemon src/index.js' ]
11 silly lifecycle backend@1.0.0~start: Returned: code: 1  signal: null
12 info lifecycle backend@1.0.0~start: Failed to exec start script
13 verbose stack Error: backend@1.0.0 start: `nodemon src/index.js`
13 verbose stack Exit status 1
13 verbose stack     at EventEmitter.<anonymous> (C:\Program Files\nodejs\node_modules\npm\node_modules\npm-lifecycle\index.js:332:16)
13 verbose stack     at EventEmitter.emit (events.js:311:20)
13 verbose stack     at ChildProcess.<anonymous> (C:\Program Files\nodejs\node_modules\npm\node_modules\npm-lifecycle\lib\spawn.js:55:14)
13 verbose stack     at ChildProcess.emit (events.js:311:20)
13 verbose stack     at maybeClose (internal/child_process.js:1021:16)
13 verbose stack     at Process.ChildProcess._handle.onexit (internal/child_process.js:286:5)
14 verbose pkgid backend@1.0.0
15 verbose cwd C:\dev\omnistack\aulas\backend
16 verbose Windows_NT 10.0.18363
17 verbose argv "C:\\Program Files\\nodejs\\node.exe" "C:\\Program Files\\nodejs\\node_modules\\npm\\bin\\npm-cli.js" "start"
18 verbose node v12.16.1
19 verbose npm  v6.13.4
20 error code ELIFECYCLE
21 error errno 1
22 error backend@1.0.0 start: `nodemon src/index.js`
22 error Exit status 1
23 error Failed at the backend@1.0.0 start script.
23 error This is probably not a problem with npm. There is likely additional logging output above.
24 verbose exit [ 1, true ]
